# JRE version: OpenJDK Runtime Environment Temurin-21.0.8+9 (21.0.8+9) (build 21.0.8+9-LTS)
# Java VM: OpenJDK 64-Bit Server VM Temurin-21.0.8+9 (21.0.8+9-LTS, mixed mode, emulated-client, sharing, tiered, compressed oops, compressed class ptrs, g1 gc, windows-amd64)
GC Precious Log:
 CardTable entry size: 512
 Card Set container configuration: InlinePtr #cards 5 size 8 Array Of Cards #cards 12 size 40 Howl #buckets 4 coarsen threshold 1843 Howl Bitmap #cards 512 size 80 coarsen threshold 460 Card regions per heap region 1 cards per card region 2048
 CPUs: 12 total, 12 available
 Memory: 16108M
 Large Page Support: Disabled
 NUMA Support: Disabled
 Compressed Oops: Enabled (32-bit)
 Heap Region Size: 1M
 Heap Min Capacity: 8M
 Heap Initial Capacity: 252M
 Heap Max Capacity: 1G
 Pre-touch: Disabled
 Parallel Workers: 10
 Concurrent Workers: 3
 Concurrent Refinement Workers: 10
 Periodic GC: Disabled
Heap:
 garbage-first heap   total 181248K, used 52742K [0x00000000c0000000, 0x0000000100000000)
  region size 1024K, 1 young (1024K), 0 survivors (0K)
 Metaspace       used 60889K, committed 61888K, reserved 1114112K
  class space    used 7875K, committed 8320K, reserved 1048576K
GC Heap History (20 events):
Event: 5289.523 GC heap after
{Heap after GC invocations=325 (full 223):
 garbage-first heap   total 181248K, used 52750K [0x00000000c0000000, 0x0000000100000000)
  region size 1024K, 0 young (0K), 0 survivors (0K)
 Metaspace       used 60899K, committed 61888K, reserved 1114112K
  class space    used 7877K, committed 8320K, reserved 1048576K
}
Event: 5299.841 GC heap before
{Heap before GC invocations=325 (full 223):
 garbage-first heap   total 181248K, used 52750K [0x00000000c0000000, 0x0000000100000000)
  region size 1024K, 1 young (1024K), 0 survivors (0K)
 Metaspace       used 60899K, committed 61888K, reserved 1114112K
  class space    used 7877K, committed 8320K, reserved 1048576K
}
Event: 5299.871 GC heap after
{Heap after GC invocations=326 (full 224):
 garbage-first heap   total 181248K, used 52750K [0x00000000c0000000, 0x0000000100000000)
  region size 1024K, 0 young (0K), 0 survivors (0K)
 Metaspace       used 60899K, committed 61888K, reserved 1114112K
  class space    used 7877K, committed 8320K, reserved 1048576K
}
Event: 5310.124 GC heap before
{Heap before GC invocations=326 (full 224):
 garbage-first heap   total 181248K, used 52750K [0x00000000c0000000, 0x0000000100000000)
  region size 1024K, 1 young (1024K), 0 survivors (0K)
 Metaspace       used 60899K, committed 61888K, reserved 1114112K
  class space    used 7877K, committed 8320K, reserved 1048576K
}
Event: 5310.151 GC heap after
{Heap after GC invocations=327 (full 225):
 garbage-first heap   total 181248K, used 52750K [0x00000000c0000000, 0x0000000100000000)
  region size 1024K, 0 young (0K), 0 survivors (0K)
 Metaspace       used 60899K, committed 61888K, reserved 1114112K
  class space    used 7877K, committed 8320K, reserved 1048576K
}
Event: 5320.362 GC heap before
{Heap before GC invocations=327 (full 225):
 garbage-first heap   total 181248K, used 52750K [0x00000000c0000000, 0x0000000100000000)
  region size 1024K, 1 young (1024K), 0 survivors (0K)
 Metaspace       used 60899K, committed 61888K, reserved 1114112K
  class space    used 7877K, committed 8320K, reserved 1048576K
}
Event: 5320.388 GC heap after
{Heap after GC invocations=328 (full 226):
 garbage-first heap   total 181248K, used 52750K [0x00000000c0000000, 0x0000000100000000)
  region size 1024K, 0 young (0K), 0 survivors (0K)
 Metaspace       used 60899K, committed 61888K, reserved 1114112K
  class space    used 7877K, committed 8320K, reserved 1048576K
}
Event: 5330.624 GC heap before
{Heap before GC invocations=328 (full 226):
 garbage-first heap   total 181248K, used 52750K [0x00000000c0000000, 0x0000000100000000)
  region size 1024K, 1 young (1024K), 0 survivors (0K)
 Metaspace       used 60899K, committed 61888K, reserved 1114112K
  class space    used 7877K, committed 8320K, reserved 1048576K
}
Event: 5330.652 GC heap after
{Heap after GC invocations=329 (full 227):
 garbage-first heap   total 181248K, used 52750K [0x00000000c0000000, 0x0000000100000000)
  region size 1024K, 0 young (0K), 0 survivors (0K)
 Metaspace       used 60899K, committed 61888K, reserved 1114112K
  class space    used 7877K, committed 8320K, reserved 1048576K
}
Event: 5340.921 GC heap before
{Heap before GC invocations=329 (full 227):
 garbage-first heap   total 181248K, used 52750K [0x00000000c0000000, 0x0000000100000000)
  region size 1024K, 1 young (1024K), 0 survivors (0K)
 Metaspace       used 60899K, committed 61888K, reserved 1114112K
  class space    used 7877K, committed 8320K, reserved 1048576K
}
Event: 5340.949 GC heap after
{Heap after GC invocations=330 (full 228):
 garbage-first heap   total 181248K, used 52750K [0x00000000c0000000, 0x0000000100000000)
  region size 1024K, 0 young (0K), 0 survivors (0K)
 Metaspace       used 60899K, committed 61888K, reserved 1114112K
  class space    used 7877K, committed 8320K, reserved 1048576K
}
Event: 5351.176 GC heap before
{Heap before GC invocations=330 (full 228):
 garbage-first heap   total 181248K, used 52750K [0x00000000c0000000, 0x0000000100000000)
  region size 1024K, 1 young (1024K), 0 survivors (0K)
 Metaspace       used 60899K, committed 61888K, reserved 1114112K
  class space    used 7877K, committed 8320K, reserved 1048576K
}
Event: 5351.318 GC heap after
{Heap after GC invocations=331 (full 229):
 garbage-first heap   total 181248K, used 52742K [0x00000000c0000000, 0x0000000100000000)
  region size 1024K, 0 young (0K), 0 survivors (0K)
 Metaspace       used 60889K, committed 61888K, reserved 1114112K
  class space    used 7875K, committed 8320K, reserved 1048576K
}
Event: 5361.568 GC heap before
{Heap before GC invocations=331 (full 229):
 garbage-first heap   total 181248K, used 52742K [0x00000000c0000000, 0x0000000100000000)
  region size 1024K, 1 young (1024K), 0 survivors (0K)
 Metaspace       used 60889K, committed 61888K, reserved 1114112K
  class space    used 7875K, committed 8320K, reserved 1048576K
}
Event: 5361.597 GC heap after
{Heap after GC invocations=332 (full 230):
 garbage-first heap   total 181248K, used 52742K [0x00000000c0000000, 0x0000000100000000)
  region size 1024K, 0 young (0K), 0 survivors (0K)
 Metaspace       used 60889K, committed 61888K, reserved 1114112K
  class space    used 7875K, committed 8320K, reserved 1048576K
}
Event: 5371.836 GC heap before
{Heap before GC invocations=332 (full 230):
 garbage-first heap   total 181248K, used 52742K [0x00000000c0000000, 0x0000000100000000)
  region size 1024K, 1 young (1024K), 0 survivors (0K)
 Metaspace       used 60889K, committed 61888K, reserved 1114112K
  class space    used 7875K, committed 8320K, reserved 1048576K
}
Event: 5371.871 GC heap after
{Heap after GC invocations=333 (full 231):
 garbage-first heap   total 181248K, used 52742K [0x00000000c0000000, 0x0000000100000000)
  region size 1024K, 0 young (0K), 0 survivors (0K)
 Metaspace       used 60889K, committed 61888K, reserved 1114112K
  class space    used 7875K, committed 8320K, reserved 1048576K
}
Event: 5382.110 GC heap before
{Heap before GC invocations=333 (full 231):
 garbage-first heap   total 181248K, used 52742K [0x00000000c0000000, 0x0000000100000000)
  region size 1024K, 1 young (1024K), 0 survivors (0K)
 Metaspace       used 60889K, committed 61888K, reserved 1114112K
  class space    used 7875K, committed 8320K, reserved 1048576K
}
Event: 5382.141 GC heap after
{Heap after GC invocations=334 (full 232):
 garbage-first heap   total 181248K, used 52742K [0x00000000c0000000, 0x0000000100000000)
  region size 1024K, 0 young (0K), 0 survivors (0K)
 Metaspace       used 60889K, committed 61888K, reserved 1114112K
  class space    used 7875K, committed 8320K, reserved 1048576K
}
Event: 5392.178 GC heap before
{Heap before GC invocations=334 (full 232):
 garbage-first heap   total 181248K, used 52742K [0x00000000c0000000, 0x0000000100000000)
  region size 1024K, 1 young (1024K), 0 survivors (0K)
 Metaspace       used 60889K, committed 61888K, reserved 1114112K
  class space    used 7875K, committed 8320K, reserved 1048576K
}

